GPU: Elapsed time = 0.000016
**************************************************
**************************************************
*********########*############*########***********
*****########################################*****
****##########################################****
***############################################***
***############################################***
***############################################***
***############################################***
***############################################***
**#############################################***
**#############################################***
**#############################################***
**#############################################***
**#############################################***
**#############################################***
**#############################################***
**#############################################***
**#############################################***
**#############################################***
**#############################################***
**#############################################***
**#############################################***
**#############################################***
**#############################################***
**#############################################***
**#############################################***
**#############################################***
**#############################################***
**#############################################***
**#############################################***
**##############################################**
**##############################################**
**##############################################**
**##############################################**
***#############################################**
***############################################***
***############################################***
***############################################***
***############################################***
***############################################***
***############################################***
***############################################***
***############################################***
***############################################***
****##########################################****
*****########################################*****
**********####*##**##*#####*****#######***********
**************************************************
**************************************************
openMP: Elapsed time = 0.007627
**************************************************
**************************************************
**************************************************
******######################################******
****##########################################****
****##########################################****
***############################################***
***############################################***
***############################################***
***############################################***
***############################################***
***############################################***
***############################################***
***############################################***
***############################################***
***############################################***
***############################################***
***############################################***
***############################################***
***############################################***
***############################################***
***############################################***
***############################################***
***############################################***
***############################################***
***############################################***
***############################################***
***############################################***
***############################################***
***############################################***
***############################################***
***############################################***
***############################################***
***############################################***
***############################################***
***############################################***
***############################################***
***############################################***
***############################################***
***############################################***
***############################################***
***############################################***
***############################################***
***############################################***
****##########################################****
****##########################################****
******######################################******
**************************************************
**************************************************
**************************************************
